[0m15:21:06.899043 [debug] [MainThread]: Sending event: {'category': 'dbt', 'action': 'invocation', 'label': 'start', 'context': [<snowplow_tracker.self_describing_json.SelfDescribingJson object at 0x7eff01664e50>, <snowplow_tracker.self_describing_json.SelfDescribingJson object at 0x7efefd363190>, <snowplow_tracker.self_describing_json.SelfDescribingJson object at 0x7efefd8f2390>]}


============================== 15:21:06.902247 | ca21e8fd-ed38-4d53-ac21-d3a09f85ddd9 ==============================
[0m15:21:06.902247 [info ] [MainThread]: Running with dbt=1.5.9
[0m15:21:06.902986 [debug] [MainThread]: running dbt with arguments {'printer_width': '80', 'indirect_selection': 'eager', 'write_json': 'True', 'log_cache_events': 'False', 'partial_parse': 'True', 'cache_selected_only': 'False', 'warn_error': 'None', 'debug': 'False', 'version_check': 'True', 'log_path': 'logs', 'fail_fast': 'False', 'profiles_dir': '/home/severscanor/.dbt', 'use_colors': 'True', 'use_experimental_parser': 'False', 'no_print': 'None', 'quiet': 'False', 'warn_error_options': 'WarnErrorOptions(include=[], exclude=[])', 'static_parser': 'True', 'log_format': 'default', 'introspect': 'True', 'target_path': 'None', 'send_anonymous_usage_stats': 'True'}
[0m15:21:21.673509 [debug] [MainThread]: Starter project path: /home/severscanor/Desktop/Tanmay/Internship/Work/DBT_Postgresql/.venv/lib/python3.11/site-packages/dbt/include/starter_project
[0m15:21:28.474543 [info ] [MainThread]: Profile dbt_postgresql written to /home/severscanor/.dbt/profiles.yml using target's sample configuration. Once updated, you'll be able to start developing with dbt.
[0m15:21:28.475028 [info ] [MainThread]: 
Your new dbt project "dbt_postgresql" was created!

For more information on how to configure the profiles.yml file,
please consult the dbt documentation here:

  https://docs.getdbt.com/docs/configure-your-profile

One more thing:

Need help? Don't hesitate to reach out to us via GitHub issues or on Slack:

  https://community.getdbt.com/

Happy modeling!

[0m15:21:28.475785 [debug] [MainThread]: Command `dbt init` succeeded at 15:21:28.475634 after 21.58 seconds
[0m15:21:28.476143 [debug] [MainThread]: Sending event: {'category': 'dbt', 'action': 'invocation', 'label': 'end', 'context': [<snowplow_tracker.self_describing_json.SelfDescribingJson object at 0x7efefd896c10>, <snowplow_tracker.self_describing_json.SelfDescribingJson object at 0x7eff0172cad0>, <snowplow_tracker.self_describing_json.SelfDescribingJson object at 0x7efefd80c210>]}
[0m15:21:28.476556 [debug] [MainThread]: Flushing usage events
[0m16:21:56.500266 [debug] [MainThread]: Sending event: {'category': 'dbt', 'action': 'invocation', 'label': 'start', 'context': [<snowplow_tracker.self_describing_json.SelfDescribingJson object at 0x7f19a3cf2c10>, <snowplow_tracker.self_describing_json.SelfDescribingJson object at 0x7f19a51696d0>, <snowplow_tracker.self_describing_json.SelfDescribingJson object at 0x7f19a3f6c110>]}


============================== 16:21:56.504065 | 1dd3163a-73c5-4e4f-8e5d-68af71644ad9 ==============================
[0m16:21:56.504065 [info ] [MainThread]: Running with dbt=1.5.9
[0m16:21:56.504852 [debug] [MainThread]: running dbt with arguments {'printer_width': '80', 'indirect_selection': 'eager', 'write_json': 'True', 'log_cache_events': 'False', 'partial_parse': 'True', 'cache_selected_only': 'False', 'warn_error': 'None', 'fail_fast': 'False', 'debug': 'False', 'log_path': 'logs', 'profiles_dir': '/home/severscanor/.dbt', 'version_check': 'True', 'use_colors': 'True', 'use_experimental_parser': 'False', 'no_print': 'None', 'quiet': 'False', 'log_format': 'default', 'introspect': 'True', 'warn_error_options': 'WarnErrorOptions(include=[], exclude=[])', 'static_parser': 'True', 'target_path': 'None', 'send_anonymous_usage_stats': 'True'}
[0m16:21:56.505613 [info ] [MainThread]: dbt version: 1.5.9
[0m16:21:56.506068 [info ] [MainThread]: python version: 3.11.6
[0m16:21:56.506485 [info ] [MainThread]: python path: /home/severscanor/Desktop/Tanmay/Internship/Work/DBT_Postgresql/.venv/bin/python
[0m16:21:56.507025 [info ] [MainThread]: os info: Linux-6.1.71-1-MANJARO-x86_64-with-glibc2.38
[0m16:21:56.507509 [info ] [MainThread]: Using profiles.yml file at /home/severscanor/.dbt/profiles.yml
[0m16:21:56.507916 [info ] [MainThread]: Using dbt_project.yml file at /home/severscanor/Desktop/Tanmay/Internship/Work/DBT_Postgresql/dbt_project.yml
[0m16:21:56.508370 [info ] [MainThread]: Configuration:
[0m16:21:56.562633 [info ] [MainThread]:   profiles.yml file [[32mOK found and valid[0m]
[0m16:21:56.563147 [info ] [MainThread]:   dbt_project.yml file [[31mERROR not found[0m]
[0m16:21:56.563547 [info ] [MainThread]: Required dependencies:
[0m16:21:56.564006 [debug] [MainThread]: Executing "git --help"
[0m16:21:56.567452 [debug] [MainThread]: STDOUT: "b"usage: git [-v | --version] [-h | --help] [-C <path>] [-c <name>=<value>]\n           [--exec-path[=<path>]] [--html-path] [--man-path] [--info-path]\n           [-p | --paginate | -P | --no-pager] [--no-replace-objects] [--bare]\n           [--git-dir=<path>] [--work-tree=<path>] [--namespace=<name>]\n           [--config-env=<name>=<envvar>] <command> [<args>]\n\nThese are common Git commands used in various situations:\n\nstart a working area (see also: git help tutorial)\n   clone     Clone a repository into a new directory\n   init      Create an empty Git repository or reinitialize an existing one\n\nwork on the current change (see also: git help everyday)\n   add       Add file contents to the index\n   mv        Move or rename a file, a directory, or a symlink\n   restore   Restore working tree files\n   rm        Remove files from the working tree and from the index\n\nexamine the history and state (see also: git help revisions)\n   bisect    Use binary search to find the commit that introduced a bug\n   diff      Show changes between commits, commit and working tree, etc\n   grep      Print lines matching a pattern\n   log       Show commit logs\n   show      Show various types of objects\n   status    Show the working tree status\n\ngrow, mark and tweak your common history\n   branch    List, create, or delete branches\n   commit    Record changes to the repository\n   merge     Join two or more development histories together\n   rebase    Reapply commits on top of another base tip\n   reset     Reset current HEAD to the specified state\n   switch    Switch branches\n   tag       Create, list, delete or verify a tag object signed with GPG\n\ncollaborate (see also: git help workflows)\n   fetch     Download objects and refs from another repository\n   pull      Fetch from and integrate with another repository or a local branch\n   push      Update remote refs along with associated objects\n\n'git help -a' and 'git help -g' list available subcommands and some\nconcept guides. See 'git help <command>' or 'git help <concept>'\nto read about a specific subcommand or concept.\nSee 'git help git' for an overview of the system.\n""
[0m16:21:56.568666 [debug] [MainThread]: STDERR: "b''"
[0m16:21:56.569460 [info ] [MainThread]:  - git [[32mOK found[0m]

[0m16:21:56.570061 [info ] [MainThread]: Connection:
[0m16:21:56.570616 [info ] [MainThread]:   host: /run/postgresql
[0m16:21:56.571096 [info ] [MainThread]:   port: 5432
[0m16:21:56.571544 [info ] [MainThread]:   user: postgres
[0m16:21:56.572005 [info ] [MainThread]:   database: dvdrental
[0m16:21:56.572472 [info ] [MainThread]:   schema: warehouse
[0m16:21:56.572933 [info ] [MainThread]:   search_path: None
[0m16:21:56.573399 [info ] [MainThread]:   keepalives_idle: 0
[0m16:21:56.573904 [info ] [MainThread]:   sslmode: None
[0m16:21:56.574797 [info ] [MainThread]: Registered adapter: postgres=1.5.9
[0m16:21:56.575689 [debug] [MainThread]: Acquiring new postgres connection 'debug'
[0m16:21:56.576179 [debug] [MainThread]: Using postgres connection "debug"
[0m16:21:56.576591 [debug] [MainThread]: On debug: select 1 as id
[0m16:21:56.576961 [debug] [MainThread]: Opening a new connection, currently in state init
[0m16:21:56.580166 [debug] [MainThread]: SQL status: SELECT 1 in 0.0 seconds
[0m16:21:56.582581 [debug] [MainThread]: On debug: Close
[0m16:21:56.583378 [info ] [MainThread]:   Connection test: [[32mOK connection ok[0m]

[0m16:21:56.584121 [info ] [MainThread]: [31m1 check failed:[0m
[0m16:21:56.584746 [info ] [MainThread]: Could not load dbt_project.yml

[0m16:21:56.585710 [debug] [MainThread]: Command `dbt debug` failed at 16:21:56.585520 after 0.09 seconds
[0m16:21:56.586240 [debug] [MainThread]: Connection 'debug' was properly closed.
[0m16:21:56.587040 [debug] [MainThread]: Sending event: {'category': 'dbt', 'action': 'invocation', 'label': 'end', 'context': [<snowplow_tracker.self_describing_json.SelfDescribingJson object at 0x7f19a51696d0>, <snowplow_tracker.self_describing_json.SelfDescribingJson object at 0x7f19a3763b90>, <snowplow_tracker.self_describing_json.SelfDescribingJson object at 0x7f19a3823410>]}
[0m16:21:56.587887 [debug] [MainThread]: Flushing usage events
